[53596:259:0629/201335.883989:WARNING:chrome_main_delegate.cc(742)] This is Chrome version 126.0.6478.127 (not a warning)
[53596:259:0629/201336.359316:INFO:chrome_browser_cloud_management_controller.cc(196)] No machine level policy manager exists.
[53596:259:0629/201336.469664:WARNING:browser_management_service.cc(128)] EnterpriseLogoUrl fetch failed with error code -1 and MIME type 
[53602:259:0629/201338.792423:ERROR:gles2_command_buffer_stub.cc(298)] ContextResult::kFatalFailure: Failed to create context.
[53602:259:0629/201338.793405:ERROR:gles2_command_buffer_stub.cc(298)] ContextResult::kFatalFailure: Failed to create context.
[53626:259:0629/201339.534012:ERROR:system_services.cc(31)] SetApplicationIsDaemon: Error Domain=NSOSStatusErrorDomain Code=-50 "paramErr: error in user parameter list" (-50)
[53596:259:0629/201339.593461:INFO:CONSOLE(8)] "visitor.publishDestinations() result: The destination publishing iframe is already attached and loaded.", source: https://platform.linkedin.com/litms/utag/voyager-web-feed/utag.js?cb=1719706200000 (8)
[53615:164611:0629/201340.129060:INFO:peer_connection_dependency_factory.cc(709)] Running WebRTC with a combined Network and Worker thread.
[53602:259:0629/201340.159649:ERROR:gles2_command_buffer_stub.cc(298)] ContextResult::kFatalFailure: Failed to create context.
[53602:259:0629/201340.159896:ERROR:gles2_command_buffer_stub.cc(298)] ContextResult::kFatalFailure: Failed to create context.
[53596:259:0629/201340.480633:INFO:CONSOLE(3)] "Error", source: https://client.protechts.net/PXdOjV695v/main.min.js (3)
[53596:259:0629/201340.703223:WARNING:capture_device_ranking.h(255)] Can't initialize the value of media.audio_input.user_preference_ranking because media.default_audio_capture_device isn't registered or is empty
[53596:259:0629/201340.703258:WARNING:capture_device_ranking.h(255)] Can't initialize the value of media.video_input.user_preference_ranking because media.default_video_capture_Device isn't registered or is empty
[53602:259:0629/201340.827858:ERROR:gles2_command_buffer_stub.cc(298)] ContextResult::kFatalFailure: Failed to create context.
[53602:259:0629/201340.828105:ERROR:gles2_command_buffer_stub.cc(298)] ContextResult::kFatalFailure: Failed to create context.
[53602:259:0629/201341.026774:ERROR:gles2_command_buffer_stub.cc(298)] ContextResult::kFatalFailure: Failed to create context.
[53596:259:0629/201341.033126:INFO:CONSOLE(1)] "console.groupEnd", source: https://cadmus2.script.ac/fs01/main.js (1)
[53596:259:0629/201341.033171:INFO:CONSOLE(1)] "console.groupEnd", source: https://cadmus2.script.ac/fs01/main.js (1)
[53596:259:0629/201341.033182:INFO:CONSOLE(1)] "console.groupEnd", source: https://cadmus2.script.ac/fs01/main.js (1)
[53596:259:0629/201341.033191:INFO:CONSOLE(1)] "console.groupEnd", source: https://cadmus2.script.ac/fs01/main.js (1)
[53596:259:0629/201341.033199:INFO:CONSOLE(1)] "console.groupEnd", source: https://cadmus2.script.ac/fs01/main.js (1)
[53596:259:0629/201341.033207:INFO:CONSOLE(1)] "console.groupEnd", source: https://cadmus2.script.ac/fs01/main.js (1)
[53596:259:0629/201341.033215:INFO:CONSOLE(1)] "console.groupEnd", source: https://cadmus2.script.ac/fs01/main.js (1)
[53596:259:0629/201341.033222:INFO:CONSOLE(1)] "console.groupEnd", source: https://cadmus2.script.ac/fs01/main.js (1)
[53596:259:0629/201341.033232:INFO:CONSOLE(1)] "console.groupEnd", source: https://cadmus2.script.ac/fs01/main.js (1)
[53596:259:0629/201341.033240:INFO:CONSOLE(1)] "console.groupEnd", source: https://cadmus2.script.ac/fs01/main.js (1)
[53596:259:0629/201341.033247:INFO:CONSOLE(1)] "console.groupEnd", source: https://cadmus2.script.ac/fs01/main.js (1)
[53596:259:0629/201341.033255:INFO:CONSOLE(1)] "console.groupEnd", source: https://cadmus2.script.ac/fs01/main.js (1)
[53596:259:0629/201341.033266:INFO:CONSOLE(1)] "console.groupEnd", source: https://cadmus2.script.ac/fs01/main.js (1)
[53596:259:0629/201341.033273:INFO:CONSOLE(1)] "console.groupEnd", source: https://cadmus2.script.ac/fs01/main.js (1)
[53596:259:0629/201341.033280:INFO:CONSOLE(1)] "console.groupEnd", source: https://cadmus2.script.ac/fs01/main.js (1)
[53596:259:0629/201341.033330:INFO:CONSOLE(1)] "console.groupEnd", source: https://cadmus2.script.ac/fs01/main.js (1)
[53596:259:0629/201341.033359:INFO:CONSOLE(1)] "console.groupEnd", source: https://cadmus2.script.ac/fs01/main.js (1)
[53596:259:0629/201341.033370:INFO:CONSOLE(1)] "console.groupEnd", source: https://cadmus2.script.ac/fs01/main.js (1)
[53596:259:0629/201341.033411:INFO:CONSOLE(1)] "console.groupEnd", source: https://cadmus2.script.ac/fs01/main.js (1)
[53596:259:0629/201341.033420:INFO:CONSOLE(1)] "console.groupEnd", source: https://cadmus2.script.ac/fs01/main.js (1)
[53596:259:0629/201341.033428:INFO:CONSOLE(1)] "console.groupEnd", source: https://cadmus2.script.ac/fs01/main.js (1)
[53596:259:0629/201341.033435:INFO:CONSOLE(1)] "console.groupEnd", source: https://cadmus2.script.ac/fs01/main.js (1)
[53596:259:0629/201341.033449:INFO:CONSOLE(1)] "console.groupEnd", source: https://cadmus2.script.ac/fs01/main.js (1)
[53596:259:0629/201341.033460:INFO:CONSOLE(1)] "console.groupEnd", source: https://cadmus2.script.ac/fs01/main.js (1)
[53596:259:0629/201341.033470:INFO:CONSOLE(1)] "console.groupEnd", source: https://cadmus2.script.ac/fs01/main.js (1)
[53596:259:0629/201341.033516:INFO:CONSOLE(1)] "console.groupEnd", source: https://cadmus2.script.ac/fs01/main.js (1)
[53596:259:0629/201341.033525:INFO:CONSOLE(1)] "console.groupEnd", source: https://cadmus2.script.ac/fs01/main.js (1)
[53596:259:0629/201341.033531:INFO:CONSOLE(1)] "console.groupEnd", source: https://cadmus2.script.ac/fs01/main.js (1)
[53596:259:0629/201341.033539:INFO:CONSOLE(1)] "console.groupEnd", source: https://cadmus2.script.ac/fs01/main.js (1)
[53596:259:0629/201341.033546:INFO:CONSOLE(1)] "console.groupEnd", source: https://cadmus2.script.ac/fs01/main.js (1)
[53596:259:0629/201341.033552:INFO:CONSOLE(1)] "console.groupEnd", source: https://cadmus2.script.ac/fs01/main.js (1)
[53596:259:0629/201341.033559:INFO:CONSOLE(1)] "console.groupEnd", source: https://cadmus2.script.ac/fs01/main.js (1)
[53596:259:0629/201341.033566:INFO:CONSOLE(1)] "console.groupEnd", source: https://cadmus2.script.ac/fs01/main.js (1)
[53596:259:0629/201341.033572:INFO:CONSOLE(1)] "console.groupEnd", source: https://cadmus2.script.ac/fs01/main.js (1)
[53596:259:0629/201341.033579:INFO:CONSOLE(1)] "console.groupEnd", source: https://cadmus2.script.ac/fs01/main.js (1)
[53596:259:0629/201341.033586:INFO:CONSOLE(1)] "console.groupEnd", source: https://cadmus2.script.ac/fs01/main.js (1)
[53596:259:0629/201341.033593:INFO:CONSOLE(1)] "console.groupEnd", source: https://cadmus2.script.ac/fs01/main.js (1)
[53596:259:0629/201341.033599:INFO:CONSOLE(1)] "console.groupEnd", source: https://cadmus2.script.ac/fs01/main.js (1)
[53596:259:0629/201341.033606:INFO:CONSOLE(1)] "console.groupEnd", source: https://cadmus2.script.ac/fs01/main.js (1)
[53596:259:0629/201341.033623:INFO:CONSOLE(1)] "console.groupEnd", source: https://cadmus2.script.ac/fs01/main.js (1)
[53596:259:0629/201341.033641:INFO:CONSOLE(1)] "console.groupEnd", source: https://cadmus2.script.ac/fs01/main.js (1)
[53596:259:0629/201341.033650:INFO:CONSOLE(1)] "console.groupEnd", source: https://cadmus2.script.ac/fs01/main.js (1)
[53596:259:0629/201341.033665:INFO:CONSOLE(1)] "console.groupEnd", source: https://cadmus2.script.ac/fs01/main.js (1)
[53596:259:0629/201341.033673:INFO:CONSOLE(1)] "console.groupEnd", source: https://cadmus2.script.ac/fs01/main.js (1)
[53596:259:0629/201341.033680:INFO:CONSOLE(1)] "console.groupEnd", source: https://cadmus2.script.ac/fs01/main.js (1)
[53596:259:0629/201341.033689:INFO:CONSOLE(1)] "console.groupEnd", source: https://cadmus2.script.ac/fs01/main.js (1)
[53596:259:0629/201341.033697:INFO:CONSOLE(1)] "console.groupEnd", source: https://cadmus2.script.ac/fs01/main.js (1)
[53596:259:0629/201341.033704:INFO:CONSOLE(1)] "console.groupEnd", source: https://cadmus2.script.ac/fs01/main.js (1)
[53596:259:0629/201341.033712:INFO:CONSOLE(1)] "console.groupEnd", source: https://cadmus2.script.ac/fs01/main.js (1)
[53596:259:0629/201341.033719:INFO:CONSOLE(1)] "console.groupEnd", source: https://cadmus2.script.ac/fs01/main.js (1)
[53596:259:0629/201341.033733:INFO:CONSOLE(1)] "console.groupEnd", source: https://cadmus2.script.ac/fs01/main.js (1)
[53596:259:0629/201341.033744:INFO:CONSOLE(1)] "console.groupEnd", source: https://cadmus2.script.ac/fs01/main.js (1)
[53596:259:0629/201341.033761:INFO:CONSOLE(1)] "console.groupEnd", source: https://cadmus2.script.ac/fs01/main.js (1)
[53596:259:0629/201341.033769:INFO:CONSOLE(1)] "console.groupEnd", source: https://cadmus2.script.ac/fs01/main.js (1)
[53596:259:0629/201341.033776:INFO:CONSOLE(1)] "console.groupEnd", source: https://cadmus2.script.ac/fs01/main.js (1)
[53596:259:0629/201341.033786:INFO:CONSOLE(1)] "console.groupEnd", source: https://cadmus2.script.ac/fs01/main.js (1)
[53596:259:0629/201341.033796:INFO:CONSOLE(1)] "console.groupEnd", source: https://cadmus2.script.ac/fs01/main.js (1)
[53596:259:0629/201341.033803:INFO:CONSOLE(1)] "console.groupEnd", source: https://cadmus2.script.ac/fs01/main.js (1)
[53596:259:0629/201341.033813:INFO:CONSOLE(1)] "console.groupEnd", source: https://cadmus2.script.ac/fs01/main.js (1)
[53596:259:0629/201341.033819:INFO:CONSOLE(1)] "console.groupEnd", source: https://cadmus2.script.ac/fs01/main.js (1)
[53596:259:0629/201341.033827:INFO:CONSOLE(1)] "console.groupEnd", source: https://cadmus2.script.ac/fs01/main.js (1)
[53596:259:0629/201341.033839:INFO:CONSOLE(1)] "console.groupEnd", source: https://cadmus2.script.ac/fs01/main.js (1)
[53596:259:0629/201341.033846:INFO:CONSOLE(1)] "console.groupEnd", source: https://cadmus2.script.ac/fs01/main.js (1)
[53596:259:0629/201341.033852:INFO:CONSOLE(1)] "console.groupEnd", source: https://cadmus2.script.ac/fs01/main.js (1)
[53596:259:0629/201341.033860:INFO:CONSOLE(1)] "console.groupEnd", source: https://cadmus2.script.ac/fs01/main.js (1)
[53596:259:0629/201341.033867:INFO:CONSOLE(1)] "console.groupEnd", source: https://cadmus2.script.ac/fs01/main.js (1)
[53596:259:0629/201341.033875:INFO:CONSOLE(1)] "console.groupEnd", source: https://cadmus2.script.ac/fs01/main.js (1)
[53596:259:0629/201341.033882:INFO:CONSOLE(1)] "console.groupEnd", source: https://cadmus2.script.ac/fs01/main.js (1)
[53596:259:0629/201341.033890:INFO:CONSOLE(1)] "console.groupEnd", source: https://cadmus2.script.ac/fs01/main.js (1)
[53596:259:0629/201341.033897:INFO:CONSOLE(1)] "console.groupEnd", source: https://cadmus2.script.ac/fs01/main.js (1)
[53596:259:0629/201341.033905:INFO:CONSOLE(1)] "console.groupEnd", source: https://cadmus2.script.ac/fs01/main.js (1)
[53596:259:0629/201341.033913:INFO:CONSOLE(1)] "console.groupEnd", source: https://cadmus2.script.ac/fs01/main.js (1)
[53596:259:0629/201341.033920:INFO:CONSOLE(1)] "console.groupEnd", source: https://cadmus2.script.ac/fs01/main.js (1)
[53596:259:0629/201341.033927:INFO:CONSOLE(1)] "console.groupEnd", source: https://cadmus2.script.ac/fs01/main.js (1)
[53596:259:0629/201341.033936:INFO:CONSOLE(1)] "console.groupEnd", source: https://cadmus2.script.ac/fs01/main.js (1)
[53596:259:0629/201341.033943:INFO:CONSOLE(1)] "console.groupEnd", source: https://cadmus2.script.ac/fs01/main.js (1)
[53596:259:0629/201341.033950:INFO:CONSOLE(1)] "console.groupEnd", source: https://cadmus2.script.ac/fs01/main.js (1)
[53596:259:0629/201341.033958:INFO:CONSOLE(1)] "console.groupEnd", source: https://cadmus2.script.ac/fs01/main.js (1)
[53596:259:0629/201341.033966:INFO:CONSOLE(1)] "console.groupEnd", source: https://cadmus2.script.ac/fs01/main.js (1)
[53596:259:0629/201341.033975:INFO:CONSOLE(1)] "console.groupEnd", source: https://cadmus2.script.ac/fs01/main.js (1)
[53596:259:0629/201341.033983:INFO:CONSOLE(1)] "console.groupEnd", source: https://cadmus2.script.ac/fs01/main.js (1)
[53596:259:0629/201341.033991:INFO:CONSOLE(1)] "console.groupEnd", source: https://cadmus2.script.ac/fs01/main.js (1)
[53596:259:0629/201341.033999:INFO:CONSOLE(1)] "console.groupEnd", source: https://cadmus2.script.ac/fs01/main.js (1)
[53596:259:0629/201341.034007:INFO:CONSOLE(1)] "console.groupEnd", source: https://cadmus2.script.ac/fs01/main.js (1)
[53596:259:0629/201341.034018:INFO:CONSOLE(1)] "console.groupEnd", source: https://cadmus2.script.ac/fs01/main.js (1)
[53596:259:0629/201341.034027:INFO:CONSOLE(1)] "console.groupEnd", source: https://cadmus2.script.ac/fs01/main.js (1)
[53596:259:0629/201341.034033:INFO:CONSOLE(1)] "console.groupEnd", source: https://cadmus2.script.ac/fs01/main.js (1)
[53596:259:0629/201341.034041:INFO:CONSOLE(1)] "console.groupEnd", source: https://cadmus2.script.ac/fs01/main.js (1)
[53596:259:0629/201341.034047:INFO:CONSOLE(1)] "console.groupEnd", source: https://cadmus2.script.ac/fs01/main.js (1)
[53596:259:0629/201341.034054:INFO:CONSOLE(1)] "console.groupEnd", source: https://cadmus2.script.ac/fs01/main.js (1)
[53596:259:0629/201341.034061:INFO:CONSOLE(1)] "console.groupEnd", source: https://cadmus2.script.ac/fs01/main.js (1)
[53596:259:0629/201341.034067:INFO:CONSOLE(1)] "console.groupEnd", source: https://cadmus2.script.ac/fs01/main.js (1)
[53596:259:0629/201341.034073:INFO:CONSOLE(1)] "console.groupEnd", source: https://cadmus2.script.ac/fs01/main.js (1)
[53596:259:0629/201341.034079:INFO:CONSOLE(1)] "console.groupEnd", source: https://cadmus2.script.ac/fs01/main.js (1)
[53596:259:0629/201341.034086:INFO:CONSOLE(1)] "console.groupEnd", source: https://cadmus2.script.ac/fs01/main.js (1)
[53596:259:0629/201341.034093:INFO:CONSOLE(1)] "console.groupEnd", source: https://cadmus2.script.ac/fs01/main.js (1)
[53596:259:0629/201341.034099:INFO:CONSOLE(1)] "console.groupEnd", source: https://cadmus2.script.ac/fs01/main.js (1)
[53596:259:0629/201341.034106:INFO:CONSOLE(1)] "console.groupEnd", source: https://cadmus2.script.ac/fs01/main.js (1)
[53596:259:0629/201341.034112:INFO:CONSOLE(1)] "console.groupEnd", source: https://cadmus2.script.ac/fs01/main.js (1)
[53596:259:0629/201341.034118:INFO:CONSOLE(1)] "console.groupEnd", source: https://cadmus2.script.ac/fs01/main.js (1)
[53596:259:0629/201341.034124:INFO:CONSOLE(1)] "console.groupEnd", source: https://cadmus2.script.ac/fs01/main.js (1)
[53596:259:0629/201341.034130:INFO:CONSOLE(1)] "console.groupEnd", source: https://cadmus2.script.ac/fs01/main.js (1)
[53596:259:0629/201341.034136:INFO:CONSOLE(1)] "console.groupEnd", source: https://cadmus2.script.ac/fs01/main.js (1)
[53596:259:0629/201341.034142:INFO:CONSOLE(1)] "console.groupEnd", source: https://cadmus2.script.ac/fs01/main.js (1)
[53596:259:0629/201341.034148:INFO:CONSOLE(1)] "console.groupEnd", source: https://cadmus2.script.ac/fs01/main.js (1)
[53596:259:0629/201341.034154:INFO:CONSOLE(1)] "console.groupEnd", source: https://cadmus2.script.ac/fs01/main.js (1)
[53596:259:0629/201341.034161:INFO:CONSOLE(1)] "console.groupEnd", source: https://cadmus2.script.ac/fs01/main.js (1)
[53596:259:0629/201341.034166:INFO:CONSOLE(1)] "console.groupEnd", source: https://cadmus2.script.ac/fs01/main.js (1)
[53596:259:0629/201341.034172:INFO:CONSOLE(1)] "console.groupEnd", source: https://cadmus2.script.ac/fs01/main.js (1)
[53596:259:0629/201341.034179:INFO:CONSOLE(1)] "console.groupEnd", source: https://cadmus2.script.ac/fs01/main.js (1)
[53596:259:0629/201341.034185:INFO:CONSOLE(1)] "console.groupEnd", source: https://cadmus2.script.ac/fs01/main.js (1)
[53596:259:0629/201341.034192:INFO:CONSOLE(1)] "console.groupEnd", source: https://cadmus2.script.ac/fs01/main.js (1)
[53596:259:0629/201341.034199:INFO:CONSOLE(1)] "console.groupEnd", source: https://cadmus2.script.ac/fs01/main.js (1)
[53596:259:0629/201341.034205:INFO:CONSOLE(1)] "console.groupEnd", source: https://cadmus2.script.ac/fs01/main.js (1)
[53596:259:0629/201341.034211:INFO:CONSOLE(1)] "console.groupEnd", source: https://cadmus2.script.ac/fs01/main.js (1)
[53596:259:0629/201341.034218:INFO:CONSOLE(1)] "console.groupEnd", source: https://cadmus2.script.ac/fs01/main.js (1)
[53596:259:0629/201341.034224:INFO:CONSOLE(1)] "console.groupEnd", source: https://cadmus2.script.ac/fs01/main.js (1)
[53596:259:0629/201341.034231:INFO:CONSOLE(1)] "console.groupEnd", source: https://cadmus2.script.ac/fs01/main.js (1)
[53596:259:0629/201341.034238:INFO:CONSOLE(1)] "console.groupEnd", source: https://cadmus2.script.ac/fs01/main.js (1)
[53596:259:0629/201341.034250:INFO:CONSOLE(1)] "console.groupEnd", source: https://cadmus2.script.ac/fs01/main.js (1)
[53596:259:0629/201341.034258:INFO:CONSOLE(1)] "console.groupEnd", source: https://cadmus2.script.ac/fs01/main.js (1)
[53596:259:0629/201341.034265:INFO:CONSOLE(1)] "console.groupEnd", source: https://cadmus2.script.ac/fs01/main.js (1)
[53596:259:0629/201341.035030:INFO:CONSOLE(1)] "console.groupEnd", source: https://cadmus2.script.ac/fs01/main.js (1)
[53596:259:0629/201341.035043:INFO:CONSOLE(1)] "console.groupEnd", source: https://cadmus2.script.ac/fs01/main.js (1)
[53596:259:0629/201341.035051:INFO:CONSOLE(1)] "console.groupEnd", source: https://cadmus2.script.ac/fs01/main.js (1)
[53596:259:0629/201341.035058:INFO:CONSOLE(1)] "console.groupEnd", source: https://cadmus2.script.ac/fs01/main.js (1)
[53596:259:0629/201341.035068:INFO:CONSOLE(1)] "console.groupEnd", source: https://cadmus2.script.ac/fs01/main.js (1)
[53596:259:0629/201341.035075:INFO:CONSOLE(1)] "console.groupEnd", source: https://cadmus2.script.ac/fs01/main.js (1)
[53596:259:0629/201341.035082:INFO:CONSOLE(1)] "console.groupEnd", source: https://cadmus2.script.ac/fs01/main.js (1)
[53596:259:0629/201341.035089:INFO:CONSOLE(1)] "console.groupEnd", source: https://cadmus2.script.ac/fs01/main.js (1)
[53596:259:0629/201341.035096:INFO:CONSOLE(1)] "console.groupEnd", source: https://cadmus2.script.ac/fs01/main.js (1)
[53596:259:0629/201341.035102:INFO:CONSOLE(1)] "console.groupEnd", source: https://cadmus2.script.ac/fs01/main.js (1)
[53596:259:0629/201341.035109:INFO:CONSOLE(1)] "console.groupEnd", source: https://cadmus2.script.ac/fs01/main.js (1)
[53596:259:0629/201341.035115:INFO:CONSOLE(1)] "console.groupEnd", source: https://cadmus2.script.ac/fs01/main.js (1)
[53596:259:0629/201341.035122:INFO:CONSOLE(1)] "console.groupEnd", source: https://cadmus2.script.ac/fs01/main.js (1)
[53596:259:0629/201341.035128:INFO:CONSOLE(1)] "console.groupEnd", source: https://cadmus2.script.ac/fs01/main.js (1)
[53596:259:0629/201341.035136:INFO:CONSOLE(1)] "console.groupEnd", source: https://cadmus2.script.ac/fs01/main.js (1)
[53596:259:0629/201341.035143:INFO:CONSOLE(1)] "console.groupEnd", source: https://cadmus2.script.ac/fs01/main.js (1)
[53596:259:0629/201341.035150:INFO:CONSOLE(1)] "console.groupEnd", source: https://cadmus2.script.ac/fs01/main.js (1)
[53596:259:0629/201341.035157:INFO:CONSOLE(1)] "console.groupEnd", source: https://cadmus2.script.ac/fs01/main.js (1)
[53596:259:0629/201341.035164:INFO:CONSOLE(1)] "console.groupEnd", source: https://cadmus2.script.ac/fs01/main.js (1)
[53596:259:0629/201341.035172:INFO:CONSOLE(1)] "console.groupEnd", source: https://cadmus2.script.ac/fs01/main.js (1)
[53596:259:0629/201341.035179:INFO:CONSOLE(1)] "console.groupEnd", source: https://cadmus2.script.ac/fs01/main.js (1)
[53596:259:0629/201341.035186:INFO:CONSOLE(1)] "console.groupEnd", source: https://cadmus2.script.ac/fs01/main.js (1)
[53596:259:0629/201341.035195:INFO:CONSOLE(1)] "console.groupEnd", source: https://cadmus2.script.ac/fs01/main.js (1)
[53596:259:0629/201341.035202:INFO:CONSOLE(1)] "console.groupEnd", source: https://cadmus2.script.ac/fs01/main.js (1)
[53596:259:0629/201341.035208:INFO:CONSOLE(1)] "console.groupEnd", source: https://cadmus2.script.ac/fs01/main.js (1)
[53596:259:0629/201341.035215:INFO:CONSOLE(1)] "console.groupEnd", source: https://cadmus2.script.ac/fs01/main.js (1)
[53596:259:0629/201341.035222:INFO:CONSOLE(1)] "console.groupEnd", source: https://cadmus2.script.ac/fs01/main.js (1)
[53596:259:0629/201341.035230:INFO:CONSOLE(1)] "console.groupEnd", source: https://cadmus2.script.ac/fs01/main.js (1)
[53596:259:0629/201341.035237:INFO:CONSOLE(1)] "console.groupEnd", source: https://cadmus2.script.ac/fs01/main.js (1)
[53596:259:0629/201341.035244:INFO:CONSOLE(1)] "console.groupEnd", source: https://cadmus2.script.ac/fs01/main.js (1)
[53596:259:0629/201341.035252:INFO:CONSOLE(1)] "console.groupEnd", source: https://cadmus2.script.ac/fs01/main.js (1)
[53596:259:0629/201341.035259:INFO:CONSOLE(1)] "console.groupEnd", source: https://cadmus2.script.ac/fs01/main.js (1)
[53596:259:0629/201341.035270:INFO:CONSOLE(1)] "console.groupEnd", source: https://cadmus2.script.ac/fs01/main.js (1)
[53596:259:0629/201341.035279:INFO:CONSOLE(1)] "console.groupEnd", source: https://cadmus2.script.ac/fs01/main.js (1)
[53596:259:0629/201341.035286:INFO:CONSOLE(1)] "console.groupEnd", source: https://cadmus2.script.ac/fs01/main.js (1)
[53596:259:0629/201341.035294:INFO:CONSOLE(1)] "console.groupEnd", source: https://cadmus2.script.ac/fs01/main.js (1)
[53596:259:0629/201341.035303:INFO:CONSOLE(1)] "console.groupEnd", source: https://cadmus2.script.ac/fs01/main.js (1)
[53596:259:0629/201341.035311:INFO:CONSOLE(1)] "console.groupEnd", source: https://cadmus2.script.ac/fs01/main.js (1)
[53596:259:0629/201341.035320:INFO:CONSOLE(1)] "console.groupEnd", source: https://cadmus2.script.ac/fs01/main.js (1)
[53596:259:0629/201341.035327:INFO:CONSOLE(1)] "console.groupEnd", source: https://cadmus2.script.ac/fs01/main.js (1)
[53596:259:0629/201341.035334:INFO:CONSOLE(1)] "console.groupEnd", source: https://cadmus2.script.ac/fs01/main.js (1)
[53596:259:0629/201341.035342:INFO:CONSOLE(1)] "console.groupEnd", source: https://cadmus2.script.ac/fs01/main.js (1)
[53596:259:0629/201341.035348:INFO:CONSOLE(1)] "console.groupEnd", source: https://cadmus2.script.ac/fs01/main.js (1)
[53596:259:0629/201341.035355:INFO:CONSOLE(1)] "console.groupEnd", source: https://cadmus2.script.ac/fs01/main.js (1)
[53596:259:0629/201341.035362:INFO:CONSOLE(1)] "console.groupEnd", source: https://cadmus2.script.ac/fs01/main.js (1)
[53596:259:0629/201341.035370:INFO:CONSOLE(1)] "console.groupEnd", source: https://cadmus2.script.ac/fs01/main.js (1)
[53596:259:0629/201341.035378:INFO:CONSOLE(1)] "console.groupEnd", source: https://cadmus2.script.ac/fs01/main.js (1)
[53596:259:0629/201341.035385:INFO:CONSOLE(1)] "console.groupEnd", source: https://cadmus2.script.ac/fs01/main.js (1)
[53596:259:0629/201341.035392:INFO:CONSOLE(1)] "console.groupEnd", source: https://cadmus2.script.ac/fs01/main.js (1)
[53596:259:0629/201341.035398:INFO:CONSOLE(1)] "console.groupEnd", source: https://cadmus2.script.ac/fs01/main.js (1)
[53596:259:0629/201341.035405:INFO:CONSOLE(1)] "console.groupEnd", source: https://cadmus2.script.ac/fs01/main.js (1)
[53596:259:0629/201341.035413:INFO:CONSOLE(1)] "console.groupEnd", source: https://cadmus2.script.ac/fs01/main.js (1)
[53596:259:0629/201341.035419:INFO:CONSOLE(1)] "console.groupEnd", source: https://cadmus2.script.ac/fs01/main.js (1)
[53596:259:0629/201341.035426:INFO:CONSOLE(1)] "console.groupEnd", source: https://cadmus2.script.ac/fs01/main.js (1)
[53596:259:0629/201341.035433:INFO:CONSOLE(1)] "console.groupEnd", source: https://cadmus2.script.ac/fs01/main.js (1)
[53596:259:0629/201341.035441:INFO:CONSOLE(1)] "console.groupEnd", source: https://cadmus2.script.ac/fs01/main.js (1)
[53596:259:0629/201341.035447:INFO:CONSOLE(1)] "console.groupEnd", source: https://cadmus2.script.ac/fs01/main.js (1)
[53596:259:0629/201341.035455:INFO:CONSOLE(1)] "console.groupEnd", source: https://cadmus2.script.ac/fs01/main.js (1)
[53596:259:0629/201341.035463:INFO:CONSOLE(1)] "console.groupEnd", source: https://cadmus2.script.ac/fs01/main.js (1)
[53596:259:0629/201341.035469:INFO:CONSOLE(1)] "console.groupEnd", source: https://cadmus2.script.ac/fs01/main.js (1)
[53596:259:0629/201341.035476:INFO:CONSOLE(1)] "console.groupEnd", source: https://cadmus2.script.ac/fs01/main.js (1)
[53596:259:0629/201341.035482:INFO:CONSOLE(1)] "console.groupEnd", source: https://cadmus2.script.ac/fs01/main.js (1)
[53596:259:0629/201341.035488:INFO:CONSOLE(1)] "console.groupEnd", source: https://cadmus2.script.ac/fs01/main.js (1)
[53596:259:0629/201341.035497:INFO:CONSOLE(1)] "console.groupEnd", source: https://cadmus2.script.ac/fs01/main.js (1)
[53596:259:0629/201341.035504:INFO:CONSOLE(1)] "console.groupEnd", source: https://cadmus2.script.ac/fs01/main.js (1)
[53596:259:0629/201341.035511:INFO:CONSOLE(1)] "console.groupEnd", source: https://cadmus2.script.ac/fs01/main.js (1)
[53596:259:0629/201341.035519:INFO:CONSOLE(1)] "console.groupEnd", source: https://cadmus2.script.ac/fs01/main.js (1)
[53596:259:0629/201341.035529:INFO:CONSOLE(1)] "console.groupEnd", source: https://cadmus2.script.ac/fs01/main.js (1)
[53596:259:0629/201341.035537:INFO:CONSOLE(1)] "console.groupEnd", source: https://cadmus2.script.ac/fs01/main.js (1)
[53596:259:0629/201341.035551:INFO:CONSOLE(1)] "console.groupEnd", source: https://cadmus2.script.ac/fs01/main.js (1)
[53596:259:0629/201341.035562:INFO:CONSOLE(1)] "console.groupEnd", source: https://cadmus2.script.ac/fs01/main.js (1)
[53596:259:0629/201341.035580:INFO:CONSOLE(1)] "console.groupEnd", source: https://cadmus2.script.ac/fs01/main.js (1)
[53596:259:0629/201341.035592:INFO:CONSOLE(1)] "console.groupEnd", source: https://cadmus2.script.ac/fs01/main.js (1)
[53596:259:0629/201341.035626:INFO:CONSOLE(1)] "console.groupEnd", source: https://cadmus2.script.ac/fs01/main.js (1)
[53596:259:0629/201341.035636:INFO:CONSOLE(1)] "console.groupEnd", source: https://cadmus2.script.ac/fs01/main.js (1)
[53596:259:0629/201341.035644:INFO:CONSOLE(1)] "console.groupEnd", source: https://cadmus2.script.ac/fs01/main.js (1)
[53596:259:0629/201341.035652:INFO:CONSOLE(1)] "console.groupEnd", source: https://cadmus2.script.ac/fs01/main.js (1)
[53596:259:0629/201341.035660:INFO:CONSOLE(1)] "console.groupEnd", source: https://cadmus2.script.ac/fs01/main.js (1)
[53596:259:0629/201341.035667:INFO:CONSOLE(1)] "console.groupEnd", source: https://cadmus2.script.ac/fs01/main.js (1)
[53596:259:0629/201341.035674:INFO:CONSOLE(1)] "console.groupEnd", source: https://cadmus2.script.ac/fs01/main.js (1)
[53596:259:0629/201341.035681:INFO:CONSOLE(1)] "console.groupEnd", source: https://cadmus2.script.ac/fs01/main.js (1)
[53596:259:0629/201341.035688:INFO:CONSOLE(1)] "console.groupEnd", source: https://cadmus2.script.ac/fs01/main.js (1)
[53596:259:0629/201341.035695:INFO:CONSOLE(1)] "console.groupEnd", source: https://cadmus2.script.ac/fs01/main.js (1)
[53596:259:0629/201341.035701:INFO:CONSOLE(1)] "console.groupEnd", source: https://cadmus2.script.ac/fs01/main.js (1)
[53596:259:0629/201341.035708:INFO:CONSOLE(1)] "console.groupEnd", source: https://cadmus2.script.ac/fs01/main.js (1)
[53596:259:0629/201341.035716:INFO:CONSOLE(1)] "console.groupEnd", source: https://cadmus2.script.ac/fs01/main.js (1)
[53596:259:0629/201341.035722:INFO:CONSOLE(1)] "console.groupEnd", source: https://cadmus2.script.ac/fs01/main.js (1)
[53596:259:0629/201341.035729:INFO:CONSOLE(1)] "console.groupEnd", source: https://cadmus2.script.ac/fs01/main.js (1)
[53596:259:0629/201341.035736:INFO:CONSOLE(1)] "console.groupEnd", source: https://cadmus2.script.ac/fs01/main.js (1)
[53596:259:0629/201341.035743:INFO:CONSOLE(1)] "console.groupEnd", source: https://cadmus2.script.ac/fs01/main.js (1)
[53596:259:0629/201341.035750:INFO:CONSOLE(1)] "console.groupEnd", source: https://cadmus2.script.ac/fs01/main.js (1)
[53596:259:0629/201341.035757:INFO:CONSOLE(1)] "console.groupEnd", source: https://cadmus2.script.ac/fs01/main.js (1)
[53596:259:0629/201341.035763:INFO:CONSOLE(1)] "console.groupEnd", source: https://cadmus2.script.ac/fs01/main.js (1)
[53596:259:0629/201341.035770:INFO:CONSOLE(1)] "console.groupEnd", source: https://cadmus2.script.ac/fs01/main.js (1)
[53596:259:0629/201341.035776:INFO:CONSOLE(1)] "console.groupEnd", source: https://cadmus2.script.ac/fs01/main.js (1)
[53596:259:0629/201341.035784:INFO:CONSOLE(1)] "console.groupEnd", source: https://cadmus2.script.ac/fs01/main.js (1)
[53596:259:0629/201341.035792:INFO:CONSOLE(1)] "console.groupEnd", source: https://cadmus2.script.ac/fs01/main.js (1)
[53596:259:0629/201341.035799:INFO:CONSOLE(1)] "console.groupEnd", source: https://cadmus2.script.ac/fs01/main.js (1)
[53596:259:0629/201341.035808:INFO:CONSOLE(1)] "console.groupEnd", source: https://cadmus2.script.ac/fs01/main.js (1)
[53596:259:0629/201341.035816:INFO:CONSOLE(1)] "console.groupEnd", source: https://cadmus2.script.ac/fs01/main.js (1)
[53596:259:0629/201341.035823:INFO:CONSOLE(1)] "console.groupEnd", source: https://cadmus2.script.ac/fs01/main.js (1)
[53596:259:0629/201341.035836:INFO:CONSOLE(1)] "console.groupEnd", source: https://cadmus2.script.ac/fs01/main.js (1)
[53596:259:0629/201341.035844:INFO:CONSOLE(1)] "console.groupEnd", source: https://cadmus2.script.ac/fs01/main.js (1)
[53596:259:0629/201341.035852:INFO:CONSOLE(1)] "console.groupEnd", source: https://cadmus2.script.ac/fs01/main.js (1)
[53596:259:0629/201341.035860:INFO:CONSOLE(1)] "console.groupEnd", source: https://cadmus2.script.ac/fs01/main.js (1)
[53596:259:0629/201341.035868:INFO:CONSOLE(1)] "console.groupEnd", source: https://cadmus2.script.ac/fs01/main.js (1)
[53596:259:0629/201341.035876:INFO:CONSOLE(1)] "console.groupEnd", source: https://cadmus2.script.ac/fs01/main.js (1)
[53596:259:0629/201341.035884:INFO:CONSOLE(1)] "console.groupEnd", source: https://cadmus2.script.ac/fs01/main.js (1)
[53596:259:0629/201341.035890:INFO:CONSOLE(1)] "console.groupEnd", source: https://cadmus2.script.ac/fs01/main.js (1)
[53596:259:0629/201341.035899:INFO:CONSOLE(1)] "console.groupEnd", source: https://cadmus2.script.ac/fs01/main.js (1)
[53596:259:0629/201341.035906:INFO:CONSOLE(1)] "console.groupEnd", source: https://cadmus2.script.ac/fs01/main.js (1)
[53596:259:0629/201341.035913:INFO:CONSOLE(1)] "console.groupEnd", source: https://cadmus2.script.ac/fs01/main.js (1)
[53596:259:0629/201341.035920:INFO:CONSOLE(1)] "console.groupEnd", source: https://cadmus2.script.ac/fs01/main.js (1)
[53596:259:0629/201341.035927:INFO:CONSOLE(1)] "console.groupEnd", source: https://cadmus2.script.ac/fs01/main.js (1)
[53596:259:0629/201341.035934:INFO:CONSOLE(1)] "console.groupEnd", source: https://cadmus2.script.ac/fs01/main.js (1)
[53596:259:0629/201341.035941:INFO:CONSOLE(1)] "console.groupEnd", source: https://cadmus2.script.ac/fs01/main.js (1)
[53596:259:0629/201341.035956:INFO:CONSOLE(1)] "console.groupEnd", source: https://cadmus2.script.ac/fs01/main.js (1)
[53596:259:0629/201341.035973:INFO:CONSOLE(1)] "console.groupEnd", source: https://cadmus2.script.ac/fs01/main.js (1)
[53596:259:0629/201341.035980:INFO:CONSOLE(1)] "console.groupEnd", source: https://cadmus2.script.ac/fs01/main.js (1)
[53596:259:0629/201341.035988:INFO:CONSOLE(1)] "console.groupEnd", source: https://cadmus2.script.ac/fs01/main.js (1)
[53596:259:0629/201341.035995:INFO:CONSOLE(1)] "console.groupEnd", source: https://cadmus2.script.ac/fs01/main.js (1)
[53596:259:0629/201341.036003:INFO:CONSOLE(1)] "console.groupEnd", source: https://cadmus2.script.ac/fs01/main.js (1)
[53596:259:0629/201341.036010:INFO:CONSOLE(1)] "console.groupEnd", source: https://cadmus2.script.ac/fs01/main.js (1)
[53596:259:0629/201341.036018:INFO:CONSOLE(1)] "console.groupEnd", source: https://cadmus2.script.ac/fs01/main.js (1)
[53596:259:0629/201341.036027:INFO:CONSOLE(1)] "console.groupEnd", source: https://cadmus2.script.ac/fs01/main.js (1)
[53596:259:0629/201341.036034:INFO:CONSOLE(1)] "console.groupEnd", source: https://cadmus2.script.ac/fs01/main.js (1)
[53596:259:0629/201341.036040:INFO:CONSOLE(1)] "console.groupEnd", source: https://cadmus2.script.ac/fs01/main.js (1)
[53596:259:0629/201341.036046:INFO:CONSOLE(1)] "console.groupEnd", source: https://cadmus2.script.ac/fs01/main.js (1)
[53596:259:0629/201341.036053:INFO:CONSOLE(1)] "console.groupEnd", source: https://cadmus2.script.ac/fs01/main.js (1)
[53596:259:0629/201341.036059:INFO:CONSOLE(1)] "console.groupEnd", source: https://cadmus2.script.ac/fs01/main.js (1)
[53596:259:0629/201341.036065:INFO:CONSOLE(1)] "console.groupEnd", source: https://cadmus2.script.ac/fs01/main.js (1)
[53596:259:0629/201341.036072:INFO:CONSOLE(1)] "console.groupEnd", source: https://cadmus2.script.ac/fs01/main.js (1)
[53596:259:0629/201341.036079:INFO:CONSOLE(1)] "console.groupEnd", source: https://cadmus2.script.ac/fs01/main.js (1)
[53596:259:0629/201341.036086:INFO:CONSOLE(1)] "console.groupEnd", source: https://cadmus2.script.ac/fs01/main.js (1)
[53596:259:0629/201341.036091:INFO:CONSOLE(1)] "console.groupEnd", source: https://cadmus2.script.ac/fs01/main.js (1)
[53596:259:0629/201341.036097:INFO:CONSOLE(1)] "console.groupEnd", source: https://cadmus2.script.ac/fs01/main.js (1)
[53596:259:0629/201341.036107:INFO:CONSOLE(1)] "console.groupEnd", source: https://cadmus2.script.ac/fs01/main.js (1)
[53596:259:0629/201341.037026:INFO:CONSOLE(1)] "console.groupEnd", source: https://cadmus2.script.ac/fs01/main.js (1)
[53596:259:0629/201341.037040:INFO:CONSOLE(1)] "console.groupEnd", source: https://cadmus2.script.ac/fs01/main.js (1)
[53596:259:0629/201341.037048:INFO:CONSOLE(1)] "console.groupEnd", source: https://cadmus2.script.ac/fs01/main.js (1)
[53596:259:0629/201341.037055:INFO:CONSOLE(1)] "console.groupEnd", source: https://cadmus2.script.ac/fs01/main.js (1)
[53596:259:0629/201341.037062:INFO:CONSOLE(1)] "console.groupEnd", source: https://cadmus2.script.ac/fs01/main.js (1)
[53596:259:0629/201341.037069:INFO:CONSOLE(1)] "console.groupEnd", source: https://cadmus2.script.ac/fs01/main.js (1)
[53596:259:0629/201341.037081:INFO:CONSOLE(1)] "console.groupEnd", source: https://cadmus2.script.ac/fs01/main.js (1)
[53596:259:0629/201341.037089:INFO:CONSOLE(1)] "console.groupEnd", source: https://cadmus2.script.ac/fs01/main.js (1)
[53596:259:0629/201341.037096:INFO:CONSOLE(1)] "console.groupEnd", source: https://cadmus2.script.ac/fs01/main.js (1)
[53596:259:0629/201341.037119:INFO:CONSOLE(1)] "console.groupEnd", source: https://cadmus2.script.ac/fs01/main.js (1)
[53596:259:0629/201341.037130:INFO:CONSOLE(1)] "console.groupEnd", source: https://cadmus2.script.ac/fs01/main.js (1)
[53596:259:0629/201341.037139:INFO:CONSOLE(1)] "console.groupEnd", source: https://cadmus2.script.ac/fs01/main.js (1)
[53596:259:0629/201341.037148:INFO:CONSOLE(1)] "console.groupEnd", source: https://cadmus2.script.ac/fs01/main.js (1)
[53596:259:0629/201341.037155:INFO:CONSOLE(1)] "console.groupEnd", source: https://cadmus2.script.ac/fs01/main.js (1)
[53596:259:0629/201341.037171:INFO:CONSOLE(1)] "console.groupEnd", source: https://cadmus2.script.ac/fs01/main.js (1)
[53596:259:0629/201341.037180:INFO:CONSOLE(1)] "console.groupEnd", source: https://cadmus2.script.ac/fs01/main.js (1)
[53596:259:0629/201341.037188:INFO:CONSOLE(1)] "console.groupEnd", source: https://cadmus2.script.ac/fs01/main.js (1)
[53596:259:0629/201341.037197:INFO:CONSOLE(1)] "console.groupEnd", source: https://cadmus2.script.ac/fs01/main.js (1)
[53596:259:0629/201341.037205:INFO:CONSOLE(1)] "console.groupEnd", source: https://cadmus2.script.ac/fs01/main.js (1)
[53596:259:0629/201341.037213:INFO:CONSOLE(1)] "console.groupEnd", source: https://cadmus2.script.ac/fs01/main.js (1)
[53596:259:0629/201341.037223:INFO:CONSOLE(1)] "console.groupEnd", source: https://cadmus2.script.ac/fs01/main.js (1)
[53596:259:0629/201341.037230:INFO:CONSOLE(1)] "console.groupEnd", source: https://cadmus2.script.ac/fs01/main.js (1)
[53596:259:0629/201341.037237:INFO:CONSOLE(1)] "console.groupEnd", source: https://cadmus2.script.ac/fs01/main.js (1)
[53596:259:0629/201341.037257:INFO:CONSOLE(1)] "console.groupEnd", source: https://cadmus2.script.ac/fs01/main.js (1)
[53596:259:0629/201341.037276:INFO:CONSOLE(1)] "console.groupEnd", source: https://cadmus2.script.ac/fs01/main.js (1)
[53596:259:0629/201341.037286:INFO:CONSOLE(1)] "console.groupEnd", source: https://cadmus2.script.ac/fs01/main.js (1)
[53596:259:0629/201341.037296:INFO:CONSOLE(1)] "console.groupEnd", source: https://cadmus2.script.ac/fs01/main.js (1)
[53596:259:0629/201341.037305:INFO:CONSOLE(1)] "console.groupEnd", source: https://cadmus2.script.ac/fs01/main.js (1)
[53596:259:0629/201341.037316:INFO:CONSOLE(1)] "console.groupEnd", source: https://cadmus2.script.ac/fs01/main.js (1)
[53596:259:0629/201341.037325:INFO:CONSOLE(1)] "console.groupEnd", source: https://cadmus2.script.ac/fs01/main.js (1)
[53596:259:0629/201341.037333:INFO:CONSOLE(1)] "console.groupEnd", source: https://cadmus2.script.ac/fs01/main.js (1)
[53596:259:0629/201341.037340:INFO:CONSOLE(1)] "console.groupEnd", source: https://cadmus2.script.ac/fs01/main.js (1)
[53596:259:0629/201341.037348:INFO:CONSOLE(1)] "console.groupEnd", source: https://cadmus2.script.ac/fs01/main.js (1)
[53596:259:0629/201341.037355:INFO:CONSOLE(1)] "console.groupEnd", source: https://cadmus2.script.ac/fs01/main.js (1)
[53596:259:0629/201341.037369:INFO:CONSOLE(1)] "console.groupEnd", source: https://cadmus2.script.ac/fs01/main.js (1)
[53596:259:0629/201341.037376:INFO:CONSOLE(1)] "console.groupEnd", source: https://cadmus2.script.ac/fs01/main.js (1)
[53596:259:0629/201341.037390:INFO:CONSOLE(1)] "console.groupEnd", source: https://cadmus2.script.ac/fs01/main.js (1)
[53596:259:0629/201341.037397:INFO:CONSOLE(1)] "console.groupEnd", source: https://cadmus2.script.ac/fs01/main.js (1)
[53596:259:0629/201341.037406:INFO:CONSOLE(1)] "console.groupEnd", source: https://cadmus2.script.ac/fs01/main.js (1)
[53596:259:0629/201341.037414:INFO:CONSOLE(1)] "console.groupEnd", source: https://cadmus2.script.ac/fs01/main.js (1)
[53596:259:0629/201341.037424:INFO:CONSOLE(1)] "console.groupEnd", source: https://cadmus2.script.ac/fs01/main.js (1)
[53596:259:0629/201341.037436:INFO:CONSOLE(1)] "console.groupEnd", source: https://cadmus2.script.ac/fs01/main.js (1)
[53596:259:0629/201341.037444:INFO:CONSOLE(1)] "console.groupEnd", source: https://cadmus2.script.ac/fs01/main.js (1)
[53596:259:0629/201341.037458:INFO:CONSOLE(1)] "console.groupEnd", source: https://cadmus2.script.ac/fs01/main.js (1)
[53596:259:0629/201341.037475:INFO:CONSOLE(1)] "console.groupEnd", source: https://cadmus2.script.ac/fs01/main.js (1)
[53596:259:0629/201341.037500:INFO:CONSOLE(1)] "console.groupEnd", source: https://cadmus2.script.ac/fs01/main.js (1)
[53596:259:0629/201341.037509:INFO:CONSOLE(1)] "console.groupEnd", source: https://cadmus2.script.ac/fs01/main.js (1)
[53596:259:0629/201341.037518:INFO:CONSOLE(1)] "console.groupEnd", source: https://cadmus2.script.ac/fs01/main.js (1)
[53596:259:0629/201341.037527:INFO:CONSOLE(1)] "console.groupEnd", source: https://cadmus2.script.ac/fs01/main.js (1)
[53596:259:0629/201341.037537:INFO:CONSOLE(1)] "console.groupEnd", source: https://cadmus2.script.ac/fs01/main.js (1)
[53596:259:0629/201341.037547:INFO:CONSOLE(1)] "console.groupEnd", source: https://cadmus2.script.ac/fs01/main.js (1)
[53596:259:0629/201341.037557:INFO:CONSOLE(1)] "console.groupEnd", source: https://cadmus2.script.ac/fs01/main.js (1)
[53596:259:0629/201341.037570:INFO:CONSOLE(1)] "console.groupEnd", source: https://cadmus2.script.ac/fs01/main.js (1)
[53596:259:0629/201341.037585:INFO:CONSOLE(1)] "console.groupEnd", source: https://cadmus2.script.ac/fs01/main.js (1)
[53596:259:0629/201341.037594:INFO:CONSOLE(1)] "console.groupEnd", source: https://cadmus2.script.ac/fs01/main.js (1)
[53596:259:0629/201341.037603:INFO:CONSOLE(1)] "console.groupEnd", source: https://cadmus2.script.ac/fs01/main.js (1)
[53596:259:0629/201341.037614:INFO:CONSOLE(1)] "console.groupEnd", source: https://cadmus2.script.ac/fs01/main.js (1)
[53596:259:0629/201341.037623:INFO:CONSOLE(1)] "console.groupEnd", source: https://cadmus2.script.ac/fs01/main.js (1)
[53596:259:0629/201341.037632:INFO:CONSOLE(1)] "console.groupEnd", source: https://cadmus2.script.ac/fs01/main.js (1)
[53596:259:0629/201341.037642:INFO:CONSOLE(1)] "console.groupEnd", source: https://cadmus2.script.ac/fs01/main.js (1)
[53596:259:0629/201341.037652:INFO:CONSOLE(1)] "console.groupEnd", source: https://cadmus2.script.ac/fs01/main.js (1)
[53596:259:0629/201341.037663:INFO:CONSOLE(1)] "console.groupEnd", source: https://cadmus2.script.ac/fs01/main.js (1)
[53596:259:0629/201341.037672:INFO:CONSOLE(1)] "console.groupEnd", source: https://cadmus2.script.ac/fs01/main.js (1)
[53596:259:0629/201341.037680:INFO:CONSOLE(1)] "console.groupEnd", source: https://cadmus2.script.ac/fs01/main.js (1)
[53596:259:0629/201341.037689:INFO:CONSOLE(1)] "console.groupEnd", source: https://cadmus2.script.ac/fs01/main.js (1)
[53596:259:0629/201341.037699:INFO:CONSOLE(1)] "console.groupEnd", source: https://cadmus2.script.ac/fs01/main.js (1)
[53596:259:0629/201341.037708:INFO:CONSOLE(1)] "console.groupEnd", source: https://cadmus2.script.ac/fs01/main.js (1)
[53596:259:0629/201341.037716:INFO:CONSOLE(1)] "console.groupEnd", source: https://cadmus2.script.ac/fs01/main.js (1)
[53596:259:0629/201341.037730:INFO:CONSOLE(1)] "console.groupEnd", source: https://cadmus2.script.ac/fs01/main.js (1)
[53596:259:0629/201341.037739:INFO:CONSOLE(1)] "console.groupEnd", source: https://cadmus2.script.ac/fs01/main.js (1)
[53596:259:0629/201341.037750:INFO:CONSOLE(1)] "console.groupEnd", source: https://cadmus2.script.ac/fs01/main.js (1)
[53596:259:0629/201341.037758:INFO:CONSOLE(1)] "console.groupEnd", source: https://cadmus2.script.ac/fs01/main.js (1)
[53596:259:0629/201341.037767:INFO:CONSOLE(1)] "console.groupEnd", source: https://cadmus2.script.ac/fs01/main.js (1)
[53596:259:0629/201341.037775:INFO:CONSOLE(1)] "console.groupEnd", source: https://cadmus2.script.ac/fs01/main.js (1)
[53596:259:0629/201341.037783:INFO:CONSOLE(1)] "console.groupEnd", source: https://cadmus2.script.ac/fs01/main.js (1)
[53596:259:0629/201341.037791:INFO:CONSOLE(1)] "console.groupEnd", source: https://cadmus2.script.ac/fs01/main.js (1)
[53596:259:0629/201341.037799:INFO:CONSOLE(1)] "console.groupEnd", source: https://cadmus2.script.ac/fs01/main.js (1)
[53596:259:0629/201341.037813:INFO:CONSOLE(1)] "console.groupEnd", source: https://cadmus2.script.ac/fs01/main.js (1)
[53596:259:0629/201341.037821:INFO:CONSOLE(1)] "console.groupEnd", source: https://cadmus2.script.ac/fs01/main.js (1)
[53596:259:0629/201341.037830:INFO:CONSOLE(1)] "console.groupEnd", source: https://cadmus2.script.ac/fs01/main.js (1)
[53596:259:0629/201341.037838:INFO:CONSOLE(1)] "console.groupEnd", source: https://cadmus2.script.ac/fs01/main.js (1)
[53596:259:0629/201341.037848:INFO:CONSOLE(1)] "console.groupEnd", source: https://cadmus2.script.ac/fs01/main.js (1)
[53596:259:0629/201341.037867:INFO:CONSOLE(1)] "console.groupEnd", source: https://cadmus2.script.ac/fs01/main.js (1)
[53596:259:0629/201341.037879:INFO:CONSOLE(1)] "console.groupEnd", source: https://cadmus2.script.ac/fs01/main.js (1)
[53596:259:0629/201341.037896:INFO:CONSOLE(1)] "console.groupEnd", source: https://cadmus2.script.ac/fs01/main.js (1)
[53596:259:0629/201341.037906:INFO:CONSOLE(1)] "console.groupEnd", source: https://cadmus2.script.ac/fs01/main.js (1)
[53596:259:0629/201341.037920:INFO:CONSOLE(1)] "console.groupEnd", source: https://cadmus2.script.ac/fs01/main.js (1)
[53596:259:0629/201341.037929:INFO:CONSOLE(1)] "console.groupEnd", source: https://cadmus2.script.ac/fs01/main.js (1)
[53596:259:0629/201341.037961:INFO:CONSOLE(1)] "console.groupEnd", source: https://cadmus2.script.ac/fs01/main.js (1)
[53596:259:0629/201341.037973:INFO:CONSOLE(1)] "console.groupEnd", source: https://cadmus2.script.ac/fs01/main.js (1)
[53596:259:0629/201341.037995:INFO:CONSOLE(1)] "console.groupEnd", source: https://cadmus2.script.ac/fs01/main.js (1)
[53596:259:0629/201341.038006:INFO:CONSOLE(1)] "console.groupEnd", source: https://cadmus2.script.ac/fs01/main.js (1)
[53596:259:0629/201341.038020:INFO:CONSOLE(1)] "console.groupEnd", source: https://cadmus2.script.ac/fs01/main.js (1)
[53596:259:0629/201341.038040:INFO:CONSOLE(1)] "console.groupEnd", source: https://cadmus2.script.ac/fs01/main.js (1)
[53596:259:0629/201341.038055:INFO:CONSOLE(1)] "console.groupEnd", source: https://cadmus2.script.ac/fs01/main.js (1)
[53596:259:0629/201341.038080:INFO:CONSOLE(1)] "console.groupEnd", source: https://cadmus2.script.ac/fs01/main.js (1)
[53596:259:0629/201341.038095:INFO:CONSOLE(1)] "console.groupEnd", source: https://cadmus2.script.ac/fs01/main.js (1)
[53596:259:0629/201341.038111:INFO:CONSOLE(1)] "console.groupEnd", source: https://cadmus2.script.ac/fs01/main.js (1)
[53596:259:0629/201341.038131:INFO:CONSOLE(1)] "console.groupEnd", source: https://cadmus2.script.ac/fs01/main.js (1)
[53596:259:0629/201341.038148:INFO:CONSOLE(1)] "console.groupEnd", source: https://cadmus2.script.ac/fs01/main.js (1)
[53596:259:0629/201341.038156:INFO:CONSOLE(1)] "console.groupEnd", source: https://cadmus2.script.ac/fs01/main.js (1)
[53596:259:0629/201341.038164:INFO:CONSOLE(1)] "console.groupEnd", source: https://cadmus2.script.ac/fs01/main.js (1)
[53596:259:0629/201341.038172:INFO:CONSOLE(1)] "console.groupEnd", source: https://cadmus2.script.ac/fs01/main.js (1)
[53596:259:0629/201341.038184:INFO:CONSOLE(1)] "console.groupEnd", source: https://cadmus2.script.ac/fs01/main.js (1)
[53596:259:0629/201341.038191:INFO:CONSOLE(1)] "console.groupEnd", source: https://cadmus2.script.ac/fs01/main.js (1)
[53596:259:0629/201341.038198:INFO:CONSOLE(1)] "console.groupEnd", source: https://cadmus2.script.ac/fs01/main.js (1)
[53596:259:0629/201341.038205:INFO:CONSOLE(1)] "console.groupEnd", source: https://cadmus2.script.ac/fs01/main.js (1)
[53596:259:0629/201341.038214:INFO:CONSOLE(1)] "console.groupEnd", source: https://cadmus2.script.ac/fs01/main.js (1)
[53596:259:0629/201341.038221:INFO:CONSOLE(1)] "console.groupEnd", source: https://cadmus2.script.ac/fs01/main.js (1)
[53596:259:0629/201341.038229:INFO:CONSOLE(1)] "console.groupEnd", source: https://cadmus2.script.ac/fs01/main.js (1)
[53596:259:0629/201341.038236:INFO:CONSOLE(1)] "console.groupEnd", source: https://cadmus2.script.ac/fs01/main.js (1)
[53596:259:0629/201341.038244:INFO:CONSOLE(1)] "console.groupEnd", source: https://cadmus2.script.ac/fs01/main.js (1)
[53596:259:0629/201341.038251:INFO:CONSOLE(1)] "console.groupEnd", source: https://cadmus2.script.ac/fs01/main.js (1)
[53596:259:0629/201341.038258:INFO:CONSOLE(1)] "console.groupEnd", source: https://cadmus2.script.ac/fs01/main.js (1)
[53596:259:0629/201341.038264:INFO:CONSOLE(1)] "console.groupEnd", source: https://cadmus2.script.ac/fs01/main.js (1)
[53596:259:0629/201341.038272:INFO:CONSOLE(1)] "console.groupEnd", source: https://cadmus2.script.ac/fs01/main.js (1)
[53596:259:0629/201341.038280:INFO:CONSOLE(1)] "console.groupEnd", source: https://cadmus2.script.ac/fs01/main.js (1)
[53596:259:0629/201341.038287:INFO:CONSOLE(1)] "console.groupEnd", source: https://cadmus2.script.ac/fs01/main.js (1)
[53596:259:0629/201341.038294:INFO:CONSOLE(1)] "console.groupEnd", source: https://cadmus2.script.ac/fs01/main.js (1)
[53596:259:0629/201341.038302:INFO:CONSOLE(1)] "console.groupEnd", source: https://cadmus2.script.ac/fs01/main.js (1)
[53596:259:0629/201341.038309:INFO:CONSOLE(1)] "console.groupEnd", source: https://cadmus2.script.ac/fs01/main.js (1)
[53596:259:0629/201341.038320:INFO:CONSOLE(1)] "console.groupEnd", source: https://cadmus2.script.ac/fs01/main.js (1)
[53596:259:0629/201341.038327:INFO:CONSOLE(1)] "console.groupEnd", source: https://cadmus2.script.ac/fs01/main.js (1)
[53596:259:0629/201341.038333:INFO:CONSOLE(1)] "console.groupEnd", source: https://cadmus2.script.ac/fs01/main.js (1)
[53596:259:0629/201341.038342:INFO:CONSOLE(1)] "console.groupEnd", source: https://cadmus2.script.ac/fs01/main.js (1)
[53596:259:0629/201341.038353:INFO:CONSOLE(1)] "console.groupEnd", source: https://cadmus2.script.ac/fs01/main.js (1)
[53596:259:0629/201341.039023:INFO:CONSOLE(1)] "console.groupEnd", source: https://cadmus2.script.ac/fs01/main.js (1)
[53596:259:0629/201341.039106:INFO:CONSOLE(1)] "console.groupEnd", source: https://cadmus2.script.ac/fs01/main.js (1)
[53596:259:0629/201341.039153:INFO:CONSOLE(1)] "console.groupEnd", source: https://cadmus2.script.ac/fs01/main.js (1)
[53596:259:0629/201341.039164:INFO:CONSOLE(1)] "console.groupEnd", source: https://cadmus2.script.ac/fs01/main.js (1)
[53596:259:0629/201341.039171:INFO:CONSOLE(1)] "console.groupEnd", source: https://cadmus2.script.ac/fs01/main.js (1)
[53596:259:0629/201341.039182:INFO:CONSOLE(1)] "console.groupEnd", source: https://cadmus2.script.ac/fs01/main.js (1)
[53596:259:0629/201341.039190:INFO:CONSOLE(1)] "console.groupEnd", source: https://cadmus2.script.ac/fs01/main.js (1)
[53596:259:0629/201341.039198:INFO:CONSOLE(1)] "console.groupEnd", source: https://cadmus2.script.ac/fs01/main.js (1)
[53596:259:0629/201341.039216:INFO:CONSOLE(1)] "console.groupEnd", source: https://cadmus2.script.ac/fs01/main.js (1)
[53596:259:0629/201341.039224:INFO:CONSOLE(1)] "console.groupEnd", source: https://cadmus2.script.ac/fs01/main.js (1)
[53596:259:0629/201341.039232:INFO:CONSOLE(1)] "console.groupEnd", source: https://cadmus2.script.ac/fs01/main.js (1)
[53596:259:0629/201341.039238:INFO:CONSOLE(1)] "console.groupEnd", source: https://cadmus2.script.ac/fs01/main.js (1)
[53596:259:0629/201341.039252:INFO:CONSOLE(1)] "console.groupEnd", source: https://cadmus2.script.ac/fs01/main.js (1)
[53596:259:0629/201341.039260:INFO:CONSOLE(1)] "console.groupEnd", source: https://cadmus2.script.ac/fs01/main.js (1)
[53596:259:0629/201341.039270:INFO:CONSOLE(1)] "console.groupEnd", source: https://cadmus2.script.ac/fs01/main.js (1)
[53596:259:0629/201341.039278:INFO:CONSOLE(1)] "console.groupEnd", source: https://cadmus2.script.ac/fs01/main.js (1)
[53596:259:0629/201341.039288:INFO:CONSOLE(1)] "console.groupEnd", source: https://cadmus2.script.ac/fs01/main.js (1)
[53596:259:0629/201341.039297:INFO:CONSOLE(1)] "console.groupEnd", source: https://cadmus2.script.ac/fs01/main.js (1)
[53596:259:0629/201341.039307:INFO:CONSOLE(1)] "console.groupEnd", source: https://cadmus2.script.ac/fs01/main.js (1)
[53596:259:0629/201341.039316:INFO:CONSOLE(1)] "console.groupEnd", source: https://cadmus2.script.ac/fs01/main.js (1)
[53596:259:0629/201341.039326:INFO:CONSOLE(1)] "console.groupEnd", source: https://cadmus2.script.ac/fs01/main.js (1)
[53596:259:0629/201341.039335:INFO:CONSOLE(1)] "console.groupEnd", source: https://cadmus2.script.ac/fs01/main.js (1)
[53596:259:0629/201341.039345:INFO:CONSOLE(1)] "console.groupEnd", source: https://cadmus2.script.ac/fs01/main.js (1)
[53596:259:0629/201341.039353:INFO:CONSOLE(1)] "console.groupEnd", source: https://cadmus2.script.ac/fs01/main.js (1)
[53596:259:0629/201341.039362:INFO:CONSOLE(1)] "console.groupEnd", source: https://cadmus2.script.ac/fs01/main.js (1)
[53596:259:0629/201341.039371:INFO:CONSOLE(1)] "console.groupEnd", source: https://cadmus2.script.ac/fs01/main.js (1)
[53596:259:0629/201341.039380:INFO:CONSOLE(1)] "console.groupEnd", source: https://cadmus2.script.ac/fs01/main.js (1)
[53596:259:0629/201341.039392:INFO:CONSOLE(1)] "console.groupEnd", source: https://cadmus2.script.ac/fs01/main.js (1)
[53596:259:0629/201341.039401:INFO:CONSOLE(1)] "console.groupEnd", source: https://cadmus2.script.ac/fs01/main.js (1)
[53596:259:0629/201341.039409:INFO:CONSOLE(1)] "console.groupEnd", source: https://cadmus2.script.ac/fs01/main.js (1)
[53596:259:0629/201341.039427:INFO:CONSOLE(1)] "console.groupEnd", source: https://cadmus2.script.ac/fs01/main.js (1)
[53596:259:0629/201341.039438:INFO:CONSOLE(1)] "console.groupEnd", source: https://cadmus2.script.ac/fs01/main.js (1)
[53596:259:0629/201341.039446:INFO:CONSOLE(1)] "console.groupEnd", source: https://cadmus2.script.ac/fs01/main.js (1)
[53596:259:0629/201341.039455:INFO:CONSOLE(1)] "console.groupEnd", source: https://cadmus2.script.ac/fs01/main.js (1)
[53596:259:0629/201341.039464:INFO:CONSOLE(1)] "console.groupEnd", source: https://cadmus2.script.ac/fs01/main.js (1)
[53596:259:0629/201341.039474:INFO:CONSOLE(1)] "console.groupEnd", source: https://cadmus2.script.ac/fs01/main.js (1)
[53596:259:0629/201341.039485:INFO:CONSOLE(1)] "console.groupEnd", source: https://cadmus2.script.ac/fs01/main.js (1)
[53596:259:0629/201341.039494:INFO:CONSOLE(1)] "console.groupEnd", source: https://cadmus2.script.ac/fs01/main.js (1)
[53596:259:0629/201341.039504:INFO:CONSOLE(1)] "console.groupEnd", source: https://cadmus2.script.ac/fs01/main.js (1)
[53596:259:0629/201341.039512:INFO:CONSOLE(1)] "console.groupEnd", source: https://cadmus2.script.ac/fs01/main.js (1)
[53596:259:0629/201341.039520:INFO:CONSOLE(1)] "console.groupEnd", source: https://cadmus2.script.ac/fs01/main.js (1)
[53596:259:0629/201341.039528:INFO:CONSOLE(1)] "console.groupEnd", source: https://cadmus2.script.ac/fs01/main.js (1)
[53596:259:0629/201341.039538:INFO:CONSOLE(1)] "console.groupEnd", source: https://cadmus2.script.ac/fs01/main.js (1)
[53596:259:0629/201341.039547:INFO:CONSOLE(1)] "console.groupEnd", source: https://cadmus2.script.ac/fs01/main.js (1)
[53596:259:0629/201341.039558:INFO:CONSOLE(1)] "console.groupEnd", source: https://cadmus2.script.ac/fs01/main.js (1)
[53596:259:0629/201341.039568:INFO:CONSOLE(1)] "console.groupEnd", source: https://cadmus2.script.ac/fs01/main.js (1)
[53596:259:0629/201341.039578:INFO:CONSOLE(1)] "console.groupEnd", source: https://cadmus2.script.ac/fs01/main.js (1)
[53596:259:0629/201341.039607:INFO:CONSOLE(1)] "console.groupEnd", source: https://cadmus2.script.ac/fs01/main.js (1)
[53596:259:0629/201341.039615:INFO:CONSOLE(1)] "console.groupEnd", source: https://cadmus2.script.ac/fs01/main.js (1)
[53596:259:0629/201341.039623:INFO:CONSOLE(1)] "console.groupEnd", source: https://cadmus2.script.ac/fs01/main.js (1)
[53596:259:0629/201341.039630:INFO:CONSOLE(1)] "console.groupEnd", source: https://cadmus2.script.ac/fs01/main.js (1)
[53596:259:0629/201341.039638:INFO:CONSOLE(1)] "console.groupEnd", source: https://cadmus2.script.ac/fs01/main.js (1)
[53596:259:0629/201341.039645:INFO:CONSOLE(1)] "console.groupEnd", source: https://cadmus2.script.ac/fs01/main.js (1)
[53596:259:0629/201341.039654:INFO:CONSOLE(1)] "console.groupEnd", source: https://cadmus2.script.ac/fs01/main.js (1)
[53596:259:0629/201341.039662:INFO:CONSOLE(1)] "console.groupEnd", source: https://cadmus2.script.ac/fs01/main.js (1)
[53596:259:0629/201341.039670:INFO:CONSOLE(1)] "console.groupEnd", source: https://cadmus2.script.ac/fs01/main.js (1)
[53596:259:0629/201341.039678:INFO:CONSOLE(1)] "console.groupEnd", source: https://cadmus2.script.ac/fs01/main.js (1)
[53596:259:0629/201341.039685:INFO:CONSOLE(1)] "console.groupEnd", source: https://cadmus2.script.ac/fs01/main.js (1)
[53596:259:0629/201341.039692:INFO:CONSOLE(1)] "console.groupEnd", source: https://cadmus2.script.ac/fs01/main.js (1)
[53596:259:0629/201341.039700:INFO:CONSOLE(1)] "console.groupEnd", source: https://cadmus2.script.ac/fs01/main.js (1)
[53596:259:0629/201341.039710:INFO:CONSOLE(1)] "console.groupEnd", source: https://cadmus2.script.ac/fs01/main.js (1)
[53596:259:0629/201341.039719:INFO:CONSOLE(1)] "console.groupEnd", source: https://cadmus2.script.ac/fs01/main.js (1)
[53596:259:0629/201341.039727:INFO:CONSOLE(1)] "console.groupEnd", source: https://cadmus2.script.ac/fs01/main.js (1)
[53596:259:0629/201341.039736:INFO:CONSOLE(1)] "console.groupEnd", source: https://cadmus2.script.ac/fs01/main.js (1)
[53596:259:0629/201341.039744:INFO:CONSOLE(1)] "console.groupEnd", source: https://cadmus2.script.ac/fs01/main.js (1)
[53596:259:0629/201341.039753:INFO:CONSOLE(1)] "console.groupEnd", source: https://cadmus2.script.ac/fs01/main.js (1)
[53596:259:0629/201341.039761:INFO:CONSOLE(1)] "console.groupEnd", source: https://cadmus2.script.ac/fs01/main.js (1)
[53596:259:0629/201341.039769:INFO:CONSOLE(1)] "console.groupEnd", source: https://cadmus2.script.ac/fs01/main.js (1)
[53596:259:0629/201341.039778:INFO:CONSOLE(1)] "console.groupEnd", source: https://cadmus2.script.ac/fs01/main.js (1)
[53596:259:0629/201341.039785:INFO:CONSOLE(1)] "console.groupEnd", source: https://cadmus2.script.ac/fs01/main.js (1)
[53596:259:0629/201341.039793:INFO:CONSOLE(1)] "console.groupEnd", source: https://cadmus2.script.ac/fs01/main.js (1)
[53596:259:0629/201341.039801:INFO:CONSOLE(1)] "console.groupEnd", source: https://cadmus2.script.ac/fs01/main.js (1)
[53596:259:0629/201341.039810:INFO:CONSOLE(1)] "console.groupEnd", source: https://cadmus2.script.ac/fs01/main.js (1)
[53596:259:0629/201341.039819:INFO:CONSOLE(1)] "console.groupEnd", source: https://cadmus2.script.ac/fs01/main.js (1)
[53596:259:0629/201341.039827:INFO:CONSOLE(1)] "console.groupEnd", source: https://cadmus2.script.ac/fs01/main.js (1)
[53596:259:0629/201341.039835:INFO:CONSOLE(1)] "console.groupEnd", source: https://cadmus2.script.ac/fs01/main.js (1)
[53596:259:0629/201341.039843:INFO:CONSOLE(1)] "console.groupEnd", source: https://cadmus2.script.ac/fs01/main.js (1)
[53596:259:0629/201341.039850:INFO:CONSOLE(1)] "console.groupEnd", source: https://cadmus2.script.ac/fs01/main.js (1)
[53596:259:0629/201341.039858:INFO:CONSOLE(1)] "console.groupEnd", source: https://cadmus2.script.ac/fs01/main.js (1)
[53596:259:0629/201341.039866:INFO:CONSOLE(1)] "console.groupEnd", source: https://cadmus2.script.ac/fs01/main.js (1)
[53596:259:0629/201341.039874:INFO:CONSOLE(1)] "console.groupEnd", source: https://cadmus2.script.ac/fs01/main.js (1)
[53596:259:0629/201341.039884:INFO:CONSOLE(1)] "console.groupEnd", source: https://cadmus2.script.ac/fs01/main.js (1)
[53596:259:0629/201341.039891:INFO:CONSOLE(1)] "console.groupEnd", source: https://cadmus2.script.ac/fs01/main.js (1)
[53596:259:0629/201341.039898:INFO:CONSOLE(1)] "console.groupEnd", source: https://cadmus2.script.ac/fs01/main.js (1)
[53596:259:0629/201341.039905:INFO:CONSOLE(1)] "console.groupEnd", source: https://cadmus2.script.ac/fs01/main.js (1)
[53596:259:0629/201341.039913:INFO:CONSOLE(1)] "console.groupEnd", source: https://cadmus2.script.ac/fs01/main.js (1)
[53596:259:0629/201341.039920:INFO:CONSOLE(1)] "console.groupEnd", source: https://cadmus2.script.ac/fs01/main.js (1)
[53596:259:0629/201341.039927:INFO:CONSOLE(1)] "console.groupEnd", source: https://cadmus2.script.ac/fs01/main.js (1)
[53596:259:0629/201341.039936:INFO:CONSOLE(1)] "console.groupEnd", source: https://cadmus2.script.ac/fs01/main.js (1)
[53596:259:0629/201341.039943:INFO:CONSOLE(1)] "console.groupEnd", source: https://cadmus2.script.ac/fs01/main.js (1)
[53596:259:0629/201341.039951:INFO:CONSOLE(1)] "console.groupEnd", source: https://cadmus2.script.ac/fs01/main.js (1)
[53596:259:0629/201341.039959:INFO:CONSOLE(1)] "console.groupEnd", source: https://cadmus2.script.ac/fs01/main.js (1)
[53596:259:0629/201341.039968:INFO:CONSOLE(1)] "console.groupEnd", source: https://cadmus2.script.ac/fs01/main.js (1)
[53596:259:0629/201341.039977:INFO:CONSOLE(1)] "console.groupEnd", source: https://cadmus2.script.ac/fs01/main.js (1)
[53596:259:0629/201341.039985:INFO:CONSOLE(1)] "console.groupEnd", source: https://cadmus2.script.ac/fs01/main.js (1)
[53596:259:0629/201341.039996:INFO:CONSOLE(1)] "console.groupEnd", source: https://cadmus2.script.ac/fs01/main.js (1)
[53596:259:0629/201341.040004:INFO:CONSOLE(1)] "console.groupEnd", source: https://cadmus2.script.ac/fs01/main.js (1)
[53596:259:0629/201341.040013:INFO:CONSOLE(1)] "console.groupEnd", source: https://cadmus2.script.ac/fs01/main.js (1)
[53596:259:0629/201341.040021:INFO:CONSOLE(1)] "console.groupEnd", source: https://cadmus2.script.ac/fs01/main.js (1)
[53596:259:0629/201341.040028:INFO:CONSOLE(1)] "console.groupEnd", source: https://cadmus2.script.ac/fs01/main.js (1)
[53596:259:0629/201341.040037:INFO:CONSOLE(1)] "console.groupEnd", source: https://cadmus2.script.ac/fs01/main.js (1)
[53596:259:0629/201341.040045:INFO:CONSOLE(1)] "console.groupEnd", source: https://cadmus2.script.ac/fs01/main.js (1)
[53596:259:0629/201341.040053:INFO:CONSOLE(1)] "console.groupEnd", source: https://cadmus2.script.ac/fs01/main.js (1)
[53596:259:0629/201341.040060:INFO:CONSOLE(1)] "console.groupEnd", source: https://cadmus2.script.ac/fs01/main.js (1)
[53596:259:0629/201341.040067:INFO:CONSOLE(1)] "console.groupEnd", source: https://cadmus2.script.ac/fs01/main.js (1)
[53596:259:0629/201341.040075:INFO:CONSOLE(1)] "console.groupEnd", source: https://cadmus2.script.ac/fs01/main.js (1)
[53596:259:0629/201341.040081:INFO:CONSOLE(1)] "console.groupEnd", source: https://cadmus2.script.ac/fs01/main.js (1)
[53596:259:0629/201341.040088:INFO:CONSOLE(1)] "console.groupEnd", source: https://cadmus2.script.ac/fs01/main.js (1)
[53596:259:0629/201341.040095:INFO:CONSOLE(1)] "console.groupEnd", source: https://cadmus2.script.ac/fs01/main.js (1)
[53596:259:0629/201341.040103:INFO:CONSOLE(1)] "console.groupEnd", source: https://cadmus2.script.ac/fs01/main.js (1)
[53596:259:0629/201341.040110:INFO:CONSOLE(1)] "console.groupEnd", source: https://cadmus2.script.ac/fs01/main.js (1)
[53596:259:0629/201341.040119:INFO:CONSOLE(1)] "console.groupEnd", source: https://cadmus2.script.ac/fs01/main.js (1)
[53596:259:0629/201341.040126:INFO:CONSOLE(1)] "console.groupEnd", source: https://cadmus2.script.ac/fs01/main.js (1)
[53596:259:0629/201341.040133:INFO:CONSOLE(1)] "console.groupEnd", source: https://cadmus2.script.ac/fs01/main.js (1)
[53596:259:0629/201341.040140:INFO:CONSOLE(1)] "console.groupEnd", source: https://cadmus2.script.ac/fs01/main.js (1)
[53596:259:0629/201341.040148:INFO:CONSOLE(1)] "console.groupEnd", source: https://cadmus2.script.ac/fs01/main.js (1)
[53596:259:0629/201341.040158:INFO:CONSOLE(1)] "console.groupEnd", source: https://cadmus2.script.ac/fs01/main.js (1)
[53596:259:0629/201341.040165:INFO:CONSOLE(1)] "console.groupEnd", source: https://cadmus2.script.ac/fs01/main.js (1)
[53596:259:0629/201341.040172:INFO:CONSOLE(1)] "console.groupEnd", source: https://cadmus2.script.ac/fs01/main.js (1)
[53596:259:0629/201341.040179:INFO:CONSOLE(1)] "console.groupEnd", source: https://cadmus2.script.ac/fs01/main.js (1)
[53596:259:0629/201341.040186:INFO:CONSOLE(1)] "console.groupEnd", source: https://cadmus2.script.ac/fs01/main.js (1)
[53596:259:0629/201341.040194:INFO:CONSOLE(1)] "console.groupEnd", source: https://cadmus2.script.ac/fs01/main.js (1)
[53596:259:0629/201341.040201:INFO:CONSOLE(1)] "console.groupEnd", source: https://cadmus2.script.ac/fs01/main.js (1)
[53596:259:0629/201341.040208:INFO:CONSOLE(1)] "console.groupEnd", source: https://cadmus2.script.ac/fs01/main.js (1)
[53596:259:0629/201341.040216:INFO:CONSOLE(1)] "console.groupEnd", source: https://cadmus2.script.ac/fs01/main.js (1)
[53596:259:0629/201341.040227:INFO:CONSOLE(1)] "console.groupEnd", source: https://cadmus2.script.ac/fs01/main.js (1)
[53596:259:0629/201341.040234:INFO:CONSOLE(1)] "console.groupEnd", source: https://cadmus2.script.ac/fs01/main.js (1)
[53596:259:0629/201341.040243:INFO:CONSOLE(1)] "console.groupEnd", source: https://cadmus2.script.ac/fs01/main.js (1)
[53596:259:0629/201341.040252:INFO:CONSOLE(1)] "console.groupEnd", source: https://cadmus2.script.ac/fs01/main.js (1)
[53596:259:0629/201341.040259:INFO:CONSOLE(1)] "console.groupEnd", source: https://cadmus2.script.ac/fs01/main.js (1)
[53596:259:0629/201341.067654:INFO:CONSOLE(1)] "Error: ns!", source: https://cadmus2.script.ac/fs01/main.js (1)
[53596:259:0629/201341.229067:INFO:CONSOLE(51)] "Uncaught (in promise) OperationError: sharedStorage.worklet.addModule is disabled because either sharedStorage is disabled or both sharedStorage.selectURL and privateAggregation are disabled", source: https://crcldu.com/?pb_url=https%3A%2F%2Fs.xlgmedia.com%2F2%2F2.131.0%2F724974%2FAtQSlKgNBGSW5-lU%2Fpostback%3Fdt%3D7249741698245123882000%26pd%3Davt%26di%3Dlinkedin.com%26ci%3D724974%26sid%3DAtQSlKgNBGSW5-lU%26oz_sc%3D20971e4af9692403659b5494%26oz_df%3D1719706421042%26oz_l%3D2%26pd%3Davt%26di%3Dlinkedin.com%26ci%3D724974 (51)
[53596:259:0629/201342.913416:INFO:CONSOLE(8)] "visitor.publishDestinations() result: The destination publishing iframe is already attached and loaded.", source: https://platform.linkedin.com/litms/utag/voyager-web-feed/utag.js?cb=1719706200000 (8)
[53596:259:0629/201347.238465:INFO:CONSOLE(8)] "visitor.publishDestinations() result: The destination publishing iframe is already attached and loaded.", source: https://platform.linkedin.com/litms/utag/voyager-web-feed/utag.js?cb=1719706200000 (8)
[53596:259:0629/201358.915351:INFO:CONSOLE(8)] "visitor.publishDestinations() result: The destination publishing iframe is already attached and loaded.", source: https://platform.linkedin.com/litms/utag/voyager-web-feed/utag.js?cb=1719706200000 (8)
[53627:61447:0629/201400.647461:INFO:peer_connection_dependency_factory.cc(709)] Running WebRTC with a combined Network and Worker thread.
[53602:259:0629/201400.651078:ERROR:gles2_command_buffer_stub.cc(298)] ContextResult::kFatalFailure: Failed to create context.
[53602:259:0629/201400.651308:ERROR:gles2_command_buffer_stub.cc(298)] ContextResult::kFatalFailure: Failed to create context.
[53596:259:0629/201415.236989:INFO:CONSOLE(8)] "visitor.publishDestinations() result: The destination publishing iframe is already attached and loaded.", source: https://platform.linkedin.com/litms/utag/voyager-web-feed/utag.js?cb=1719706200000 (8)
[53596:259:0629/201419.785936:INFO:CONSOLE(8)] "visitor.publishDestinations() result: The destination publishing iframe is already attached and loaded.", source: https://platform.linkedin.com/litms/utag/voyager-web-feed/utag.js?cb=1719706200000 (8)
[53603:15623:0629/201436.584433:WARNING:sqlite_persistent_store_backend_base.cc(198)] Failed to post task from FlushAndNotifyInBackground@net/extras/sqlite/sqlite_persistent_store_backend_base.cc:248 to client_task_runner_.
[53603:15623:0629/201436.585360:WARNING:sqlite_persistent_store_backend_base.cc(198)] Failed to post task from FlushAndNotifyInBackground@net/extras/sqlite/sqlite_persistent_store_backend_base.cc:248 to client_task_runner_.
[53596:259:0629/201436.622191:WARNING:pref_notifier_impl.cc(41)] Pref observer for media_router.cast_allow_all_ips found at shutdown.
